<?xml version="1.0" encoding="UTF-8"?>

<mule xmlns:http="http://www.mulesoft.org/schema/mule/http" xmlns="http://www.mulesoft.org/schema/mule/core"
	xmlns:doc="http://www.mulesoft.org/schema/mule/documentation"
	xmlns:xsi="http://www.w3.org/2001/XMLSchema-instance" xsi:schemaLocation="http://www.mulesoft.org/schema/mule/core http://www.mulesoft.org/schema/mule/core/current/mule.xsd
http://www.mulesoft.org/schema/mule/http http://www.mulesoft.org/schema/mule/http/current/mule-http.xsd">
	<http:listener-config name="HTTP_Listener_config" doc:name="HTTP Listener config" doc:id="b7b76891-d1b9-4f3a-95cc-11c54b3f9dd2" >
		<http:listener-connection host="0.0.0.0" port="${http.port}" />
	</http:listener-config>
	<flow name="test-demo-devops-jenkinFlow" doc:id="6fcabd5a-1788-4837-93f0-e80f5cb59bc4" >
		<http:listener doc:name="Listener" doc:id="b08cfb52-e89e-4cb4-88c4-f8fb73d5c5cb" config-ref="HTTP_Listener_config" path="/test"/>
		<logger level="INFO" doc:name="Logger" doc:id="0643d89e-9b56-4d1a-a530-a9c822e7e57a" message="welcome to jenkins"/>
	</flow>
</mule>
