<?xml version="1.0" encoding="UTF-8"?>

<mule xmlns:xsi="http://www.w3.org/2001/XMLSchema-instance"
	xmlns:munit="http://www.mulesoft.org/schema/mule/munit" xmlns:munit-tools="http://www.mulesoft.org/schema/mule/munit-tools"
	xmlns="http://www.mulesoft.org/schema/mule/core" xmlns:doc="http://www.mulesoft.org/schema/mule/documentation"
	xsi:schemaLocation="
		http://www.mulesoft.org/schema/mule/core http://www.mulesoft.org/schema/mule/core/current/mule.xsd
		http://www.mulesoft.org/schema/mule/munit http://www.mulesoft.org/schema/mule/munit/current/mule-munit.xsd
		http://www.mulesoft.org/schema/mule/munit-tools  http://www.mulesoft.org/schema/mule/munit-tools/current/mule-munit-tools.xsd">
	<munit:config name="test-demo-devops-jenkin-test-suite.xml" />
	<munit:test name="test-demo-devops-jenkin-test-suite-test-demo-devops-jenkinFlowTest" doc:id="7dfc0102-a23c-4dfa-86d3-b2cb9ed1c8bd" description="Test">
		<munit:execution >
			<flow-ref doc:name="Flow-ref to test-demo-devops-jenkinFlow" doc:id="32e83c7e-e458-4b2f-b6d7-8f76ebefaea4" name="test-demo-devops-jenkinFlow"/>
		</munit:execution>
		<munit:validation >
			<logger level="INFO" doc:name="Logger" doc:id="c6768e36-a109-40b7-8a99-29807f165b20" message="#[payload]"/>
			<munit-tools:assert doc:name="Assert expression" doc:id="f93b9cac-567a-4edd-aceb-04143acdf96c" />
		</munit:validation>
	</munit:test>


</mule>
